Server running at http://localhost:3000
Started robot launch process with PID 141780 at 2025-06-09T22:44:42.918Z
Robot launch stdout: [INFO] [launch]: All log files can be found below /home/alip/.ros/log/2025-06-10-02-14-43-367296-alip-141780

Robot launch stdout: [INFO] [launch]: Default logging verbosity is set to INFO

Robot launch stdout: [INFO] [gzserver-1]: process started with pid [141854]

Robot launch stdout: [INFO] [gzclient-2]: process started with pid [141856]
[INFO] [robot_state_publisher-3]: process started with pid [141858]
[INFO] [spawn_entity.py-4]: process started with pid [141860]
[INFO] [spawner-5]: process started with pid [141862]
[INFO] [spawner-6]: process started with pid [141864]

Robot launch stdout: [robot_state_publisher-3] [INFO] [1749509083.946326078] [robot_state_publisher]: got segment RGBD_camera

Robot launch stdout: [robot_state_publisher-3] [INFO] [1749509083.946498983] [robot_state_publisher]: got segment RGBD_camera_optical

Robot launch stdout: [robot_state_publisher-3] [INFO] [1749509083.946519676] [robot_state_publisher]: got segment back_wheel_assembly_L
[robot_state_publisher-3] [INFO] [1749509083.946532271] [robot_state_publisher]: got segment back_wheel_assembly_R
[robot_state_publisher-3] [INFO] [1749509083.946542611] [robot_state_publisher]: got segment base_footprint
[robot_state_publisher-3] [INFO] [1749509083.946552568] [robot_state_publisher]: got segment base_link
[robot_state_publisher-3] [INFO] [1749509083.946563211] [robot_state_publisher]: got segment chassis
[robot_state_publisher-3] [INFO] [1749509083.946572954] [robot_state_publisher]: got segment clamp_L
[robot_state_publisher-3] [INFO] [1749509083.946582596] [robot_state_publisher]: got segment clamp_R
[robot_state_publisher-3] [INFO] [1749509083.946592100] [robot_state_publisher]: got segment fork_L
[robot_state_publisher-3] [INFO] [1749509083.946601480] [robot_state_publisher]: got segment fork_R

Robot launch stdout: [robot_state_publisher-3] [INFO] [1749509083.946610781] [robot_state_publisher]: got segment fork_wheel_LL
[robot_state_publisher-3] [INFO] [1749509083.946620734] [robot_state_publisher]: got segment fork_wheel_LR
[robot_state_publisher-3] [INFO] [1749509083.946649358] [robot_state_publisher]: got segment fork_wheel_RL
[robot_state_publisher-3] [INFO] [1749509083.946659515] [robot_state_publisher]: got segment fork_wheel_RR
[robot_state_publisher-3] [INFO] [1749509083.946670049] [robot_state_publisher]: got segment lidar_nav

Robot launch stdout: [robot_state_publisher-3] [INFO] [1749509083.946679708] [robot_state_publisher]: got segment lidar_safe
[robot_state_publisher-3] [INFO] [1749509083.946689050] [robot_state_publisher]: got segment main_wheel
[robot_state_publisher-3] [INFO] [1749509083.946699230] [robot_state_publisher]: got segment wheel_assembly_tilt
[robot_state_publisher-3] [INFO] [1749509083.946709049] [robot_state_publisher]: got segment wheel_bL_rot
[robot_state_publisher-3] [INFO] [1749509083.946718732] [robot_state_publisher]: got segment wheel_bL_tilt
[robot_state_publisher-3] [INFO] [1749509083.946729425] [robot_state_publisher]: got segment wheel_bR_rot
[robot_state_publisher-3] [INFO] [1749509083.946738815] [robot_state_publisher]: got segment wheel_bR_tilt

Robot launch stdout: [spawner-6] [INFO] [1749509084.210880045] [spawner_joint_state_broadcaster]: waiting for service /controller_manager/list_controllers to become available...

Robot launch stdout: [spawner-5] [INFO] [1749509084.215483327] [spawner_tri_cycle_controller]: waiting for service /controller_manager/list_controllers to become available...

Robot launch stdout: [spawn_entity.py-4] [INFO] [1749509084.267429227] [spawn_entity]: Spawn Entity started

Robot launch stdout: [spawn_entity.py-4] [INFO] [1749509084.267644240] [spawn_entity]: Loading entity published on topic robot_description

Robot launch stdout: [spawn_entity.py-4] [INFO] [1749509084.268554416] [spawn_entity]: Waiting for entity xml on robot_description

Robot launch stdout: [spawn_entity.py-4] [INFO] [1749509084.270267010] [spawn_entity]: Waiting for service /spawn_entity, timeout = 30

Robot launch stdout: [spawn_entity.py-4] [INFO] [1749509084.270444721] [spawn_entity]: Waiting for service /spawn_entity

Robot launch stdout: [spawn_entity.py-4] [INFO] [1749509085.273793899] [spawn_entity]: Calling service /spawn_entity

Robot launch stdout: [gzserver-1] [INFO] [1749509086.003224387] [camera_controller]: Publishing camera info to [/camera/camera_info]

Robot launch stdout: [gzserver-1] [INFO] [1749509086.004071974] [camera_controller]: Publishing depth camera info to [/camera/depth/camera_info]

Robot launch stdout: [gzserver-1] [INFO] [1749509086.004248457] [camera_controller]: Publishing pointcloud to [/camera/points]

Robot launch stdout: [gzserver-1] [WARN] [1749509086.011503628] [rcl]: Found remap rule '~/out:=scan/navigation'. This syntax is deprecated. Use '--ros-args --remap ~/out:=scan/navigation' instead.

Robot launch stdout: [gzserver-1] [WARN] [1749509086.012898357] [rcl]: Found remap rule '~/out:=scan/navigation'. This syntax is deprecated. Use '--ros-args --remap ~/out:=scan/navigation' instead.

Robot launch stdout: [spawn_entity.py-4] [INFO] [1749509086.061503673] [spawn_entity]: Spawn status: SpawnEntity: Successfully spawned entity [Autofork]

Robot launch stdout: [gzserver-1] [WARN] [1749509086.113256257] [rcl]: Found remap rule '~/out:=scan/safety'. This syntax is deprecated. Use '--ros-args --remap ~/out:=scan/safety' instead.

Robot launch stdout: [gzserver-1] [WARN] [1749509086.114853878] [rcl]: Found remap rule '~/out:=scan/safety'. This syntax is deprecated. Use '--ros-args --remap ~/out:=scan/safety' instead.

Robot launch stdout: [INFO] [spawn_entity.py-4]: process has finished cleanly [pid 141860]

Robot launch stdout: [gzserver-1] [INFO] [1749509086.354171805] [gazebo_ros2_control]: Loading gazebo_ros2_control plugin

Robot launch stdout: [gzserver-1] [INFO] [1749509086.355830198] [gazebo_ros2_control]: Starting gazebo_ros2_control plugin in namespace: /

Robot launch stdout: [gzserver-1] [INFO] [1749509086.355861356] [gazebo_ros2_control]: Starting gazebo_ros2_control plugin in ros 2 node: gazebo_ros2_control

Robot launch stdout: [gzserver-1] [INFO] [1749509086.356933268] [gazebo_ros2_control]: connected to service!! robot_state_publisher

Robot launch stdout: [gzserver-1] [INFO] [1749509086.357544675] [gazebo_ros2_control]: Received urdf from param server, parsing...

Robot launch stdout: [gzserver-1] [INFO] [1749509086.357583743] [gazebo_ros2_control]: Loading parameter files /home/alip/autofork_ws/install/autofork_control/share/autofork_control/config/gazebo_controller.yaml

Robot launch stdout: [gzserver-1] [INFO] [1749509086.363593217] [gazebo_ros2_control]: Loading joint: wheel_assembly_tilt_joint

Robot launch stdout: [gzserver-1] [INFO] [1749509086.363624959] [gazebo_ros2_control]: 	State:
[gzserver-1] [INFO] [1749509086.363637503] [gazebo_ros2_control]: 		 velocity

Robot launch stdout: [gzserver-1] [INFO] [1749509086.363649312] [gazebo_ros2_control]: 		 position

Robot launch stdout: [gzserver-1] [INFO] [1749509086.363659610] [gazebo_ros2_control]: 	Command:

Robot launch stdout: [gzserver-1] [INFO] [1749509086.363669672] [gazebo_ros2_control]: 		 position

Robot launch stdout: [gzserver-1] [INFO] [1749509086.363796898] [gazebo_ros2_control]: Loading joint: main_wheel_joint

Robot launch stdout: [gzserver-1] [INFO] [1749509086.363859192] [gazebo_ros2_control]: 	State:

Robot launch stdout: [gzserver-1] [INFO] [1749509086.363891840] [gazebo_ros2_control]: 		 velocity

Robot launch stdout: [gzserver-1] [INFO] [1749509086.363916868] [gazebo_ros2_control]: 		 position

Robot launch stdout: [gzserver-1] [INFO] [1749509086.363938908] [gazebo_ros2_control]: 	Command:

Robot launch stdout: [gzserver-1] [INFO] [1749509086.363969445] [gazebo_ros2_control]: 		 velocity

Robot launch stdout: [gzserver-1] [INFO] [1749509086.364084234] [gazebo_ros2_control]: Loading joint: fork_L_joint

Robot launch stdout: [gzserver-1] [INFO] [1749509086.364109677] [gazebo_ros2_control]: 	State:

Robot launch stdout: [gzserver-1] [INFO] [1749509086.364129504] [gazebo_ros2_control]: 		 position

Robot launch stdout: [gzserver-1] [INFO] [1749509086.364149424] [gazebo_ros2_control]: 	Command:

Robot launch stdout: [gzserver-1] [INFO] [1749509086.364168849] [gazebo_ros2_control]: 		 position

Robot launch stdout: [gzserver-1] [INFO] [1749509086.364290494] [gazebo_ros2_control]: Loading joint: fork_R_joint

Robot launch stdout: [gzserver-1] [INFO] [1749509086.364316567] [gazebo_ros2_control]: 	State:

Robot launch stdout: [gzserver-1] [INFO] [1749509086.364337112] [gazebo_ros2_control]: 		 position

Robot launch stdout: [gzserver-1] [INFO] [1749509086.364356532] [gazebo_ros2_control]: 	Command:

Robot launch stdout: [gzserver-1] [INFO] [1749509086.364376697] [gazebo_ros2_control]: 		 position

Robot launch stdout: [gzserver-1] [INFO] [1749509086.364498465] [gazebo_ros2_control]: Loading joint: clamp_L_joint

Robot launch stdout: [gzserver-1] [INFO] [1749509086.364525260] [gazebo_ros2_control]: 	State:

Robot launch stdout: [gzserver-1] [INFO] [1749509086.364545836] [gazebo_ros2_control]: 		 position

Robot launch stdout: [gzserver-1] [INFO] [1749509086.364566178] [gazebo_ros2_control]: 	Command:

Robot launch stdout: [gzserver-1] [INFO] [1749509086.364585905] [gazebo_ros2_control]: 		 position

Robot launch stdout: [gzserver-1] [INFO] [1749509086.364687548] [gazebo_ros2_control]: Loading joint: clamp_R_joint

Robot launch stdout: [gzserver-1] [INFO] [1749509086.364713267] [gazebo_ros2_control]: 	State:

Robot launch stdout: [gzserver-1] [INFO] [1749509086.364733336] [gazebo_ros2_control]: 		 position

Robot launch stdout: [gzserver-1] [INFO] [1749509086.364752905] [gazebo_ros2_control]: 	Command:

Robot launch stdout: [gzserver-1] [INFO] [1749509086.364773339] [gazebo_ros2_control]: 		 position

Robot launch stdout: [gzserver-1] [INFO] [1749509086.364901797] [gazebo_ros2_control]: Loading joint: fork_wheel_LL_joint

Robot launch stdout: [gzserver-1] [INFO] [1749509086.364928524] [gazebo_ros2_control]: 	State:

Robot launch stdout: [gzserver-1] [INFO] [1749509086.364953978] [gazebo_ros2_control]: 		 position

Robot launch stdout: [gzserver-1] [INFO] [1749509086.364984991] [gazebo_ros2_control]: 		 velocity

Robot launch stdout: [gzserver-1] [INFO] [1749509086.365006202] [gazebo_ros2_control]: 	Command:

Robot launch stdout: [gzserver-1] [INFO] [1749509086.365056055] [gazebo_ros2_control]: 		 velocity

Robot launch stdout: [gzserver-1] [INFO] [1749509086.365165120] [gazebo_ros2_control]: Loading joint: fork_wheel_LR_joint

Robot launch stdout: [gzserver-1] [INFO] [1749509086.365190773] [gazebo_ros2_control]: 	State:

Robot launch stdout: [gzserver-1] [INFO] [1749509086.365211613] [gazebo_ros2_control]: 		 position

Robot launch stdout: [gzserver-1] [INFO] [1749509086.365231642] [gazebo_ros2_control]: 		 velocity

Robot launch stdout: [gzserver-1] [INFO] [1749509086.365252327] [gazebo_ros2_control]: 	Command:

Robot launch stdout: [gzserver-1] [INFO] [1749509086.365277113] [gazebo_ros2_control]: 		 velocity

Robot launch stdout: [gzserver-1] [INFO] [1749509086.365375952] [gazebo_ros2_control]: Loading joint: fork_wheel_RL_joint

Robot launch stdout: [gzserver-1] [INFO] [1749509086.365407191] [gazebo_ros2_control]: 	State:
[gzserver-1] [INFO] [1749509086.365428730] [gazebo_ros2_control]: 		 position
[gzserver-1] [INFO] [1749509086.365449710] [gazebo_ros2_control]: 		 velocity
[gzserver-1] [INFO] [1749509086.365470249] [gazebo_ros2_control]: 	Command:
[gzserver-1] [INFO] [1749509086.365495351] [gazebo_ros2_control]: 		 velocity

Robot launch stdout: [gzserver-1] [INFO] [1749509086.365592979] [gazebo_ros2_control]: Loading joint: fork_wheel_RR_joint

Robot launch stdout: [gzserver-1] [INFO] [1749509086.365616837] [gazebo_ros2_control]: 	State:
[gzserver-1] [INFO] [1749509086.365638451] [gazebo_ros2_control]: 		 position

Robot launch stdout: [gzserver-1] [INFO] [1749509086.365659241] [gazebo_ros2_control]: 		 velocity

Robot launch stdout: [gzserver-1] [INFO] [1749509086.365679055] [gazebo_ros2_control]: 	Command:

Robot launch stdout: [gzserver-1] [INFO] [1749509086.365703941] [gazebo_ros2_control]: 		 velocity

Robot launch stdout: [gzserver-1] [INFO] [1749509086.365798842] [gazebo_ros2_control]: Loading joint: wheel_bL_tilt_joint

Robot launch stdout: [gzserver-1] [INFO] [1749509086.365822813] [gazebo_ros2_control]: 	State:

Robot launch stdout: [gzserver-1] [INFO] [1749509086.365843462] [gazebo_ros2_control]: 		 position

Robot launch stdout: [gzserver-1] [INFO] [1749509086.365864979] [gazebo_ros2_control]: 		 velocity

Robot launch stdout: [gzserver-1] [INFO] [1749509086.365886970] [gazebo_ros2_control]: 	Command:

Robot launch stdout: [gzserver-1] [INFO] [1749509086.365914655] [gazebo_ros2_control]: 		 velocity

Robot launch stdout: [gzserver-1] [INFO] [1749509086.366013199] [gazebo_ros2_control]: Loading joint: wheel_bR_tilt_joint

Robot launch stdout: [gzserver-1] [INFO] [1749509086.366039535] [gazebo_ros2_control]: 	State:

Robot launch stdout: [gzserver-1] [INFO] [1749509086.366068954] [gazebo_ros2_control]: 		 position

Robot launch stdout: [gzserver-1] [INFO] [1749509086.366092473] [gazebo_ros2_control]: 		 velocity

Robot launch stdout: [gzserver-1] [INFO] [1749509086.366116502] [gazebo_ros2_control]: 	Command:

Robot launch stdout: [gzserver-1] [INFO] [1749509086.366149065] [gazebo_ros2_control]: 		 velocity

Robot launch stdout: [gzserver-1] [INFO] [1749509086.366259459] [gazebo_ros2_control]: Loading joint: wheel_bL_rot_joint

Robot launch stdout: [gzserver-1] [INFO] [1749509086.366286301] [gazebo_ros2_control]: 	State:

Robot launch stdout: [gzserver-1] [INFO] [1749509086.366307402] [gazebo_ros2_control]: 		 position

Robot launch stdout: [gzserver-1] [INFO] [1749509086.366327334] [gazebo_ros2_control]: 		 velocity

Robot launch stdout: [gzserver-1] [INFO] [1749509086.366347315] [gazebo_ros2_control]: 	Command:

Robot launch stdout: [gzserver-1] [INFO] [1749509086.366372611] [gazebo_ros2_control]: 		 velocity

Robot launch stdout: [gzserver-1] [INFO] [1749509086.366475616] [gazebo_ros2_control]: Loading joint: wheel_bR_rot_joint

Robot launch stdout: [gzserver-1] [INFO] [1749509086.366500312] [gazebo_ros2_control]: 	State:
[gzserver-1] [INFO] [1749509086.366520876] [gazebo_ros2_control]: 		 position
[gzserver-1] [INFO] [1749509086.366540695] [gazebo_ros2_control]: 		 velocity

Robot launch stdout: [gzserver-1] [INFO] [1749509086.366560305] [gazebo_ros2_control]: 	Command:

Robot launch stdout: [gzserver-1] [INFO] [1749509086.366584104] [gazebo_ros2_control]: 		 velocity

Robot launch stdout: [gzserver-1] [INFO] [1749509086.366733135] [resource_manager]: Initialize hardware 'GazeboSystem' 

Robot launch stdout: [gzserver-1] [INFO] [1749509086.366893942] [resource_manager]: Successful initialization of hardware 'GazeboSystem'

Robot launch stdout: [gzserver-1] [INFO] [1749509086.367001068] [resource_manager]: 'configure' hardware 'GazeboSystem' 

Robot launch stdout: [gzserver-1] [INFO] [1749509086.367013687] [resource_manager]: Successful 'configure' of hardware 'GazeboSystem'

Robot launch stdout: [gzserver-1] [INFO] [1749509086.367027129] [resource_manager]: 'activate' hardware 'GazeboSystem' 

Robot launch stdout: [gzserver-1] [INFO] [1749509086.367035757] [resource_manager]: Successful 'activate' of hardware 'GazeboSystem'

Robot launch stdout: [gzserver-1] [INFO] [1749509086.367123270] [gazebo_ros2_control]: Loading controller_manager

Robot launch stdout: [gzserver-1] [WARN] [1749509086.374950811] [gazebo_ros2_control]:  Desired controller update period (0.02 s) is slower than the gazebo simulation period (0.001 s).

Robot launch stdout: [gzserver-1] [INFO] [1749509086.375049766] [gazebo_ros2_control]: Loaded gazebo_ros2_control.

Robot launch stdout: [gzserver-1] [INFO] [1749509086.465228068] [controller_manager]: Loading controller 'joint_state_broadcaster'

Robot launch stdout: [spawner-6] [INFO] [1749509086.488898408] [spawner_joint_state_broadcaster]: [94mLoaded [1mjoint_state_broadcaster[0m

Robot launch stdout: [gzserver-1] [INFO] [1749509086.489272647] [controller_manager]: Loading controller 'tri_cycle_controller'

Robot launch stdout: [gzserver-1] [INFO] [1749509086.521874888] [controller_manager]: Configuring controller 'joint_state_broadcaster'

Robot launch stdout: [gzserver-1] [INFO] [1749509086.522169942] [joint_state_broadcaster]: 'joints' or 'interfaces' parameter is empty. All available state interfaces will be published

Robot launch stdout: [spawner-5] [INFO] [1749509086.522819654] [spawner_tri_cycle_controller]: [94mLoaded [1mtri_cycle_controller[0m

Robot launch stdout: [gzserver-1] [INFO] [1749509086.553404510] [controller_manager]: Configuring controller 'tri_cycle_controller'

Robot launch stdout: [spawner-6] [INFO] [1749509086.651348121] [spawner_joint_state_broadcaster]: [92mConfigured and activated [1mjoint_state_broadcaster[0m

Robot launch stdout: [gzserver-1] [INFO] [1749509086.681578721] [tri_cycle_controller]: On activate: Initialize Joints

Robot launch stdout: [gzserver-1] [INFO] [1749509086.681651809] [tri_cycle_controller]: Get Wheel Joint Instance
[gzserver-1] [INFO] [1749509086.681674588] [tri_cycle_controller]: Get Steering Joint Instance

Robot launch stdout: [spawner-5] [INFO] [1749509086.713375716] [spawner_tri_cycle_controller]: [92mConfigured and activated [1mtri_cycle_controller[0m

Robot launch stdout: [gzserver-1] [INFO] [1749509086.714258167] [controller_manager]: Loading controller 'forks_position_controller'

Robot launch stdout: [spawner-5] [INFO] [1749509086.743886516] [spawner_tri_cycle_controller]: [94mLoaded [1mforks_position_controller[0m

Robot launch stdout: [gzserver-1] [INFO] [1749509086.744146455] [controller_manager]: Configuring controller 'forks_position_controller'

Robot launch stdout: [gzserver-1] [INFO] [1749509086.744773491] [forks_position_controller]: configure successful

Robot launch stdout: [gzserver-1] [INFO] [1749509086.805028667] [forks_position_controller]: activate successful

Robot launch stdout: [spawner-5] [INFO] [1749509086.838414132] [spawner_tri_cycle_controller]: [92mConfigured and activated [1mforks_position_controller[0m

Robot launch stdout: [gzserver-1] [INFO] [1749509086.839481753] [controller_manager]: Loading controller 'clamps_position_controller'

Robot launch stdout: [spawner-5] [INFO] [1749509086.870033001] [spawner_tri_cycle_controller]: [94mLoaded [1mclamps_position_controller[0m

Robot launch stdout: [gzserver-1] [INFO] [1749509086.870262832] [controller_manager]: Configuring controller 'clamps_position_controller'

Robot launch stdout: [gzserver-1] [INFO] [1749509086.870650371] [clamps_position_controller]: configure successful

Robot launch stdout: [INFO] [spawner-6]: process has finished cleanly [pid 141864]

Robot launch stdout: [gzserver-1] [INFO] [1749509086.929286356] [clamps_position_controller]: activate successful

Robot launch stdout: [spawner-5] [INFO] [1749509086.959542419] [spawner_tri_cycle_controller]: [92mConfigured and activated [1mclamps_position_controller[0m

Robot launch stdout: [INFO] [spawner-5]: process has finished cleanly [pid 141862]

Previous localization process stopped (if any) at 2025-06-09T22:45:59.794Z
Started localization process with PID 142884 for map 'map_v2' at 2025-06-09T22:45:59.796Z
Localization stdout: [INFO] [launch]: All log files can be found below /home/alip/.ros/log/2025-06-10-02-16-00-250806-alip-142884
[INFO] [launch]: Default logging verbosity is set to INFO

Localization stdout: [INFO] [map_server-1]: process started with pid [142902]

Localization stdout: [INFO] [amcl-2]: process started with pid [142904]
[INFO] [lifecycle_manager-3]: process started with pid [142906]

Localization stdout: [amcl-2] [INFO] [1749509160.375909288] [amcl]: 

Localization stdout: [amcl-2] 	amcl lifecycle node launched. 
[amcl-2] 	Waiting on external lifecycle transitions to activate
[amcl-2] 	See https://design.ros2.org/articles/node_lifecycle.html for more information.

Localization stdout: [amcl-2] [INFO] [1749509160.376231842] [amcl]: Creating

Localization stdout: [lifecycle_manager-3] [INFO] [1749509160.382048141] [lifecycle_manager_localization]: Creating

Localization stdout: [lifecycle_manager-3] [INFO] [1749509160.383081893] [lifecycle_manager_localization]: [34m[1mCreating and initializing lifecycle service clients[0m[0m

Localization stdout: [map_server-1] [INFO] [1749509160.383947662] [map_server]: 

Localization stdout: [map_server-1] 	map_server lifecycle node launched. 
[map_server-1] 	Waiting on external lifecycle transitions to activate
[map_server-1] 	See https://design.ros2.org/articles/node_lifecycle.html for more information.

Localization stdout: [map_server-1] [INFO] [1749509160.384012185] [map_server]: Creating

Localization stdout: [lifecycle_manager-3] [INFO] [1749509160.484235238] [lifecycle_manager_localization]: [34m[1mStarting managed nodes bringup...[0m[0m

Localization stdout: [lifecycle_manager-3] [INFO] [1749509160.484322018] [lifecycle_manager_localization]: [34m[1mConfiguring map_server[0m[0m

Localization stdout: [map_server-1] [INFO] [1749509160.484554923] [map_server]: Configuring

Localization stdout: [map_server-1] [INFO] [1749509160.484618496] [map_io]: Loading yaml file: /home/alip/autofork_ws/src/autofork/autofork_navigation/maps/map_v2/map_v2.yaml

Localization stdout: [map_server-1] [INFO] [1749509160.484792832] [map_io]: resolution: 0.01

Localization stdout: [map_server-1] [INFO] [1749509160.484797948] [map_io]: origin[0]: -16.6

Localization stdout: [map_server-1] [INFO] [1749509160.484800813] [map_io]: origin[1]: -14.2
[map_server-1] [INFO] [1749509160.484803293] [map_io]: origin[2]: 0

Localization stdout: [map_server-1] [INFO] [1749509160.484805920] [map_io]: free_thresh: 0.25
[map_server-1] [INFO] [1749509160.484808481] [map_io]: occupied_thresh: 0.65

Localization stdout: [map_server-1] [INFO] [1749509160.484811441] [map_io]: mode: trinary

Localization stdout: [map_server-1] [INFO] [1749509160.484819501] [map_io]: negate: 0

Localization stdout: [map_server-1] [INFO] [1749509160.484932858] [map_io]: Loading image_file: /home/alip/autofork_ws/src/autofork/autofork_navigation/maps/map_v2/map_v2.pgm

Localization stdout: [map_server-1] [INFO] [1749509161.001977262] [map_io]: Read map /home/alip/autofork_ws/src/autofork/autofork_navigation/maps/map_v2/map_v2.pgm: 3576 X 2515 map @ 0.01 m/cell

Localization stdout: [lifecycle_manager-3] [INFO] [1749509161.012586142] [lifecycle_manager_localization]: [34m[1mConfiguring amcl[0m[0m

Localization stdout: [amcl-2] [INFO] [1749509161.012708327] [amcl]: Configuring

Localization stdout: [amcl-2] [INFO] [1749509161.012806511] [amcl]: initTransforms

Localization stdout: [amcl-2] [INFO] [1749509161.016337739] [amcl]: initPubSub

Localization stdout: [amcl-2] [INFO] [1749509161.017318162] [amcl]: Subscribed to map topic.

Localization stdout: [lifecycle_manager-3] [INFO] [1749509161.018254562] [lifecycle_manager_localization]: [34m[1mActivating map_server[0m[0m

Localization stdout: [map_server-1] [INFO] [1749509161.018332942] [map_server]: Activating

Localization stdout: [map_server-1] [INFO] [1749509161.024737153] [map_server]: Creating bond (map_server) to lifecycle manager.

Localization stdout: [lifecycle_manager-3] [INFO] [1749509161.126199036] [lifecycle_manager_localization]: Server map_server connected with bond.

Localization stdout: [lifecycle_manager-3] [INFO] [1749509161.126268654] [lifecycle_manager_localization]: [34m[1mActivating amcl[0m[0m

Localization stdout: [amcl-2] [INFO] [1749509161.126466003] [amcl]: Activating
[amcl-2] [INFO] [1749509161.126538141] [amcl]: Creating bond (amcl) to lifecycle manager.

Localization stdout: [amcl-2] [INFO] [1749509161.137260363] [amcl]: Received a 3576 X 2515 map @ 0.010 m/pix

Localization stdout: [amcl-2] [INFO] [1749509161.291823083] [amcl]: createLaserObject

Localization stdout: [lifecycle_manager-3] [INFO] [1749509161.297763967] [lifecycle_manager_localization]: Server amcl connected with bond.

Localization stdout: [lifecycle_manager-3] [INFO] [1749509161.297831090] [lifecycle_manager_localization]: [34m[1mManaged nodes are active[0m[0m

Localization stdout: [lifecycle_manager-3] [INFO] [1749509161.297857711] [lifecycle_manager_localization]: [34m[1mCreating bond timer...[0m[0m

Started navigation process with PID 142979 at 2025-06-09T22:46:03.804Z
Localization stdout: [amcl-2] [WARN] [1749509164.133680757] [amcl]: AMCL cannot publish a pose or update the transform. Please set the initial pose...

Navigation stdout: [INFO] [launch]: All log files can be found below /home/alip/.ros/log/2025-06-10-02-16-04-274804-alip-142979

Navigation stdout: [INFO] [launch]: Default logging verbosity is set to INFO

Navigation stdout: [INFO] [controller_server-1]: process started with pid [142997]

Navigation stdout: [INFO] [smoother_server-2]: process started with pid [142999]
[INFO] [planner_server-3]: process started with pid [143001]

Navigation stdout: [INFO] [behavior_server-4]: process started with pid [143003]

Navigation stdout: [INFO] [bt_navigator-5]: process started with pid [143005]

Navigation stdout: [INFO] [waypoint_follower-6]: process started with pid [143007]

Navigation stdout: [INFO] [velocity_smoother-7]: process started with pid [143009]

Navigation stdout: [INFO] [lifecycle_manager-8]: process started with pid [143011]

Navigation stdout: [lifecycle_manager-8] [INFO] [1749509164.406451185] [lifecycle_manager_navigation]: Creating

Navigation stdout: [lifecycle_manager-8] [INFO] [1749509164.407687000] [lifecycle_manager_navigation]: [34m[1mCreating and initializing lifecycle service clients[0m[0m

Navigation stdout: [controller_server-1] [INFO] [1749509164.409388427] [controller_server]: 

Navigation stdout: [controller_server-1] 	controller_server lifecycle node launched. 
[controller_server-1] 	Waiting on external lifecycle transitions to activate
[controller_server-1] 	See https://design.ros2.org/articles/node_lifecycle.html for more information.

Navigation stdout: [behavior_server-4] [INFO] [1749509164.409749757] [behavior_server]: 
[behavior_server-4] 	behavior_server lifecycle node launched. 
[behavior_server-4] 	Waiting on external lifecycle transitions to activate

Navigation stdout: [behavior_server-4] 	See https://design.ros2.org/articles/node_lifecycle.html for more information.

Navigation stdout: [waypoint_follower-6] [INFO] [1749509164.411585360] [waypoint_follower]: 

Navigation stdout: [waypoint_follower-6] 	waypoint_follower lifecycle node launched. 
[waypoint_follower-6] 	Waiting on external lifecycle transitions to activate

Navigation stdout: [waypoint_follower-6] 	See https://design.ros2.org/articles/node_lifecycle.html for more information.

Navigation stdout: [waypoint_follower-6] [INFO] [1749509164.412196797] [waypoint_follower]: Creating

Navigation stdout: [controller_server-1] [INFO] [1749509164.412691965] [controller_server]: Creating controller server

Navigation stdout: [controller_server-1] [INFO] [1749509164.415925516] [local_costmap.local_costmap]: 

Navigation stdout: [controller_server-1] 	local_costmap lifecycle node launched. 
[controller_server-1] 	Waiting on external lifecycle transitions to activate
[controller_server-1] 	See https://design.ros2.org/articles/node_lifecycle.html for more information.

Navigation stdout: [controller_server-1] [INFO] [1749509164.416342610] [local_costmap.local_costmap]: Creating Costmap

Navigation stdout: [planner_server-3] [INFO] [1749509164.425754136] [planner_server]: 

Navigation stdout: [planner_server-3] 	planner_server lifecycle node launched. 
[planner_server-3] 	Waiting on external lifecycle transitions to activate
[planner_server-3] 	See https://design.ros2.org/articles/node_lifecycle.html for more information.

Navigation stdout: [velocity_smoother-7] [INFO] [1749509164.426475335] [velocity_smoother]: 
[velocity_smoother-7] 	velocity_smoother lifecycle node launched. 
[velocity_smoother-7] 	Waiting on external lifecycle transitions to activate
[velocity_smoother-7] 	See https://design.ros2.org/articles/node_lifecycle.html for more information.

Navigation stdout: [planner_server-3] [INFO] [1749509164.427090986] [planner_server]: Creating

Navigation stdout: [bt_navigator-5] [INFO] [1749509164.427097415] [bt_navigator]: 
[bt_navigator-5] 	bt_navigator lifecycle node launched. 

Navigation stdout: [bt_navigator-5] 	Waiting on external lifecycle transitions to activate
[bt_navigator-5] 	See https://design.ros2.org/articles/node_lifecycle.html for more information.

Navigation stdout: [bt_navigator-5] [INFO] [1749509164.427169470] [bt_navigator]: Creating
[smoother_server-2] [INFO] [1749509164.427239640] [smoother_server]: 
[smoother_server-2] 	smoother_server lifecycle node launched. 

Navigation stdout: [smoother_server-2] 	Waiting on external lifecycle transitions to activate
[smoother_server-2] 	See https://design.ros2.org/articles/node_lifecycle.html for more information.

Navigation stdout: [smoother_server-2] [INFO] [1749509164.428882174] [smoother_server]: Creating smoother server

Navigation stdout: [planner_server-3] [INFO] [1749509164.429976303] [global_costmap.global_costmap]: 

Navigation stdout: [planner_server-3] 	global_costmap lifecycle node launched. 
[planner_server-3] 	Waiting on external lifecycle transitions to activate
[planner_server-3] 	See https://design.ros2.org/articles/node_lifecycle.html for more information.

Navigation stdout: [planner_server-3] [INFO] [1749509164.430290490] [global_costmap.global_costmap]: Creating Costmap

Navigation stdout: [lifecycle_manager-8] [INFO] [1749509164.514611966] [lifecycle_manager_navigation]: [34m[1mStarting managed nodes bringup...[0m[0m

Navigation stdout: [lifecycle_manager-8] [INFO] [1749509164.514668698] [lifecycle_manager_navigation]: [34m[1mConfiguring controller_server[0m[0m

Navigation stdout: [controller_server-1] [INFO] [1749509164.514798015] [controller_server]: Configuring controller interface

Navigation stdout: [controller_server-1] [INFO] [1749509164.514904215] [controller_server]: getting goal checker plugins..
[controller_server-1] [INFO] [1749509164.514990349] [controller_server]: Controller frequency set to 20.0000Hz

Navigation stdout: [controller_server-1] [INFO] [1749509164.515021860] [local_costmap.local_costmap]: Configuring

Navigation stdout: [controller_server-1] [INFO] [1749509164.516786250] [local_costmap.local_costmap]: Using plugin "voxel_layer"

Navigation stdout: [controller_server-1] [INFO] [1749509164.518865409] [local_costmap.local_costmap]: Subscribed to Topics: scan

Navigation stdout: [controller_server-1] [INFO] [1749509164.521838576] [local_costmap.local_costmap]: Initialized plugin "voxel_layer"

Navigation stdout: [controller_server-1] [INFO] [1749509164.521914538] [local_costmap.local_costmap]: Using plugin "inflation_layer"

Navigation stdout: [controller_server-1] [INFO] [1749509164.522484196] [local_costmap.local_costmap]: Initialized plugin "inflation_layer"

Navigation stdout: [controller_server-1] [INFO] [1749509164.524862579] [controller_server]: Created progress_checker : progress_checker of type nav2_controller::SimpleProgressChecker

Navigation stdout: [controller_server-1] [INFO] [1749509164.525390300] [controller_server]: Created goal checker : general_goal_checker of type nav2_controller::SimpleGoalChecker

Navigation stdout: [controller_server-1] [INFO] [1749509164.525643348] [controller_server]: Controller Server has general_goal_checker  goal checkers available.

Navigation stdout: [controller_server-1] [INFO] [1749509164.527050662] [controller_server]: Created controller : FollowPath of type dwb_core::DWBLocalPlanner

Navigation stdout: [controller_server-1] [INFO] [1749509164.527668211] [controller_server]: Setting transform_tolerance to 0.200000

Navigation stdout: [controller_server-1] [INFO] [1749509164.532862592] [controller_server]: Using critic "RotateToGoal" (dwb_critics::RotateToGoalCritic)

Navigation stdout: [controller_server-1] [INFO] [1749509164.533211034] [controller_server]: Critic plugin initialized

Navigation stdout: [controller_server-1] [INFO] [1749509164.533303337] [controller_server]: Using critic "Oscillation" (dwb_critics::OscillationCritic)

Navigation stdout: [controller_server-1] [INFO] [1749509164.533639312] [controller_server]: Critic plugin initialized

Navigation stdout: [controller_server-1] [INFO] [1749509164.533726492] [controller_server]: Using critic "BaseObstacle" (dwb_critics::BaseObstacleCritic)

Navigation stdout: [controller_server-1] [INFO] [1749509164.533859415] [controller_server]: Critic plugin initialized

Navigation stdout: [controller_server-1] [INFO] [1749509164.533945677] [controller_server]: Using critic "GoalAlign" (dwb_critics::GoalAlignCritic)

Navigation stdout: [controller_server-1] [INFO] [1749509164.534177333] [controller_server]: Critic plugin initialized

Navigation stdout: [controller_server-1] [INFO] [1749509164.534304318] [controller_server]: Using critic "PathAlign" (dwb_critics::PathAlignCritic)

Navigation stdout: [controller_server-1] [INFO] [1749509164.534561593] [controller_server]: Critic plugin initialized

Navigation stdout: [controller_server-1] [INFO] [1749509164.534644336] [controller_server]: Using critic "PathDist" (dwb_critics::PathDistCritic)

Navigation stdout: [controller_server-1] [INFO] [1749509164.534780025] [controller_server]: Critic plugin initialized

Navigation stdout: [controller_server-1] [INFO] [1749509164.534858810] [controller_server]: Using critic "GoalDist" (dwb_critics::GoalDistCritic)

Navigation stdout: [controller_server-1] [INFO] [1749509164.535002466] [controller_server]: Critic plugin initialized

Navigation stdout: [controller_server-1] [INFO] [1749509164.535021866] [controller_server]: Controller Server has FollowPath  controllers available.

Navigation stdout: [lifecycle_manager-8] [INFO] [1749509164.537072696] [lifecycle_manager_navigation]: [34m[1mConfiguring smoother_server[0m[0m

Navigation stdout: [smoother_server-2] [INFO] [1749509164.537231053] [smoother_server]: Configuring smoother server

Navigation stdout: [smoother_server-2] [INFO] [1749509164.540286563] [smoother_server]: Created smoother : simple_smoother of type nav2_smoother::SimpleSmoother

Navigation stdout: [smoother_server-2] [INFO] [1749509164.540622199] [smoother_server]: Smoother Server has simple_smoother  smoothers available.

Navigation stdout: [lifecycle_manager-8] [INFO] [1749509164.542177124] [lifecycle_manager_navigation]: [34m[1mConfiguring planner_server[0m[0m

Navigation stdout: [planner_server-3] [INFO] [1749509164.542286774] [planner_server]: Configuring

Navigation stdout: [planner_server-3] [INFO] [1749509164.542320409] [global_costmap.global_costmap]: Configuring

Navigation stdout: [planner_server-3] [INFO] [1749509164.544628307] [global_costmap.global_costmap]: Using plugin "static_layer"

Navigation stdout: [planner_server-3] [INFO] [1749509164.546639619] [global_costmap.global_costmap]: Subscribing to the map topic (/map) with transient local durability

Navigation stdout: [planner_server-3] [INFO] [1749509164.547000600] [global_costmap.global_costmap]: Initialized plugin "static_layer"

Navigation stdout: [planner_server-3] [INFO] [1749509164.547022023] [global_costmap.global_costmap]: Using plugin "obstacle_layer"

Navigation stdout: [planner_server-3] [INFO] [1749509164.547334025] [global_costmap.global_costmap]: Subscribed to Topics: scan

Navigation stdout: [planner_server-3] [INFO] [1749509164.549372007] [global_costmap.global_costmap]: Initialized plugin "obstacle_layer"

Navigation stdout: [planner_server-3] [INFO] [1749509164.549429808] [global_costmap.global_costmap]: Using plugin "inflation_layer"

Navigation stdout: [planner_server-3] [INFO] [1749509164.550060254] [global_costmap.global_costmap]: Initialized plugin "inflation_layer"

Navigation stdout: [planner_server-3] [INFO] [1749509164.554048426] [planner_server]: Created global planner plugin GridBased of type nav2_navfn_planner/NavfnPlanner

Navigation stdout: [planner_server-3] [INFO] [1749509164.554088442] [planner_server]: Configuring plugin GridBased of type NavfnPlanner

Navigation stdout: [planner_server-3] [INFO] [1749509164.554366667] [planner_server]: Planner Server has GridBased  planners available.

Navigation stdout: [lifecycle_manager-8] [INFO] [1749509164.557579662] [lifecycle_manager_navigation]: [34m[1mConfiguring behavior_server[0m[0m

Navigation stdout: [behavior_server-4] [INFO] [1749509164.557702447] [behavior_server]: Configuring

Navigation stdout: [behavior_server-4] [INFO] [1749509164.561209007] [behavior_server]: Creating behavior plugin spin of type nav2_behaviors/Spin

Navigation stdout: [behavior_server-4] [INFO] [1749509164.562041746] [behavior_server]: Configuring spin

Navigation stdout: [behavior_server-4] [INFO] [1749509164.563606027] [behavior_server]: Creating behavior plugin backup of type nav2_behaviors/BackUp

Navigation stdout: [behavior_server-4] [INFO] [1749509164.564091128] [behavior_server]: Configuring backup

Navigation stdout: [behavior_server-4] [INFO] [1749509164.565309602] [behavior_server]: Creating behavior plugin drive_on_heading of type nav2_behaviors/DriveOnHeading

Navigation stdout: [behavior_server-4] [INFO] [1749509164.565763771] [behavior_server]: Configuring drive_on_heading

Navigation stdout: [behavior_server-4] [INFO] [1749509164.566932007] [behavior_server]: Creating behavior plugin assisted_teleop of type nav2_behaviors/AssistedTeleop

Navigation stdout: [behavior_server-4] [INFO] [1749509164.567878326] [behavior_server]: Configuring assisted_teleop

Navigation stdout: [behavior_server-4] [INFO] [1749509164.570109681] [behavior_server]: Creating behavior plugin wait of type nav2_behaviors/Wait

Navigation stdout: [behavior_server-4] [INFO] [1749509164.570832241] [behavior_server]: Configuring wait

Navigation stdout: [lifecycle_manager-8] [INFO] [1749509164.572610463] [lifecycle_manager_navigation]: [34m[1mConfiguring bt_navigator[0m[0m

Navigation stdout: [bt_navigator-5] [INFO] [1749509164.572732472] [bt_navigator]: Configuring

Navigation stdout: [planner_server-3] [INFO] [1749509164.581248675] [global_costmap.global_costmap]: StaticLayer: Resizing costmap to 3576 X 2515 at 0.010000 m/pix

Navigation stdout: [lifecycle_manager-8] [INFO] [1749509164.599222104] [lifecycle_manager_navigation]: [34m[1mConfiguring waypoint_follower[0m[0m

Navigation stdout: [waypoint_follower-6] [INFO] [1749509164.599378220] [waypoint_follower]: Configuring

Navigation stdout: [waypoint_follower-6] [INFO] [1749509164.603082308] [waypoint_follower]: Created waypoint_task_executor : wait_at_waypoint of type nav2_waypoint_follower::WaitAtWaypoint

Navigation stdout: [lifecycle_manager-8] [INFO] [1749509164.603547293] [lifecycle_manager_navigation]: [34m[1mConfiguring velocity_smoother[0m[0m

Navigation stdout: [velocity_smoother-7] [INFO] [1749509164.603698281] [velocity_smoother]: Configuring velocity smoother

Navigation stdout: [lifecycle_manager-8] [INFO] [1749509164.605159749] [lifecycle_manager_navigation]: [34m[1mActivating controller_server[0m[0m

Navigation stdout: [controller_server-1] [INFO] [1749509164.605285383] [controller_server]: Activating

Navigation stdout: [controller_server-1] [INFO] [1749509164.605328664] [local_costmap.local_costmap]: Activating
[controller_server-1] [INFO] [1749509164.605346115] [local_costmap.local_costmap]: Checking transform

Navigation stdout: [controller_server-1] [INFO] [1749509164.605431487] [local_costmap.local_costmap]: start

Navigation stdout: [controller_server-1] [INFO] [1749509164.855774044] [controller_server]: Creating bond (controller_server) to lifecycle manager.

Navigation stdout: [lifecycle_manager-8] [INFO] [1749509164.957521280] [lifecycle_manager_navigation]: Server controller_server connected with bond.

Navigation stdout: [lifecycle_manager-8] [INFO] [1749509164.957566109] [lifecycle_manager_navigation]: [34m[1mActivating smoother_server[0m[0m

Navigation stdout: [smoother_server-2] [INFO] [1749509164.957714961] [smoother_server]: Activating
[smoother_server-2] [INFO] [1749509164.957754768] [smoother_server]: Creating bond (smoother_server) to lifecycle manager.

Navigation stdout: [lifecycle_manager-8] [INFO] [1749509165.059132247] [lifecycle_manager_navigation]: Server smoother_server connected with bond.

Navigation stdout: [lifecycle_manager-8] [INFO] [1749509165.059181578] [lifecycle_manager_navigation]: [34m[1mActivating planner_server[0m[0m

Navigation stdout: [planner_server-3] [INFO] [1749509165.059334121] [planner_server]: Activating

Navigation stdout: [planner_server-3] [INFO] [1749509165.059412611] [global_costmap.global_costmap]: Activating
[planner_server-3] [INFO] [1749509165.059444556] [global_costmap.global_costmap]: Checking transform
[planner_server-3] [INFO] [1749509165.059483764] [global_costmap.global_costmap]: Timed out waiting for transform from base_link to map to become available, tf error: Invalid frame ID "map" passed to canTransform argument target_frame - frame does not exist

Navigation stdout: [planner_server-3] [INFO] [1749509165.559543135] [global_costmap.global_costmap]: Timed out waiting for transform from base_link to map to become available, tf error: Invalid frame ID "map" passed to canTransform argument target_frame - frame does not exist

Navigation stdout: [planner_server-3] [INFO] [1749509166.059539033] [global_costmap.global_costmap]: Timed out waiting for transform from base_link to map to become available, tf error: Invalid frame ID "map" passed to canTransform argument target_frame - frame does not exist

Navigation stdout: [planner_server-3] [INFO] [1749509166.559541845] [global_costmap.global_costmap]: Timed out waiting for transform from base_link to map to become available, tf error: Invalid frame ID "map" passed to canTransform argument target_frame - frame does not exist

Navigation stdout: [planner_server-3] [INFO] [1749509167.059540737] [global_costmap.global_costmap]: Timed out waiting for transform from base_link to map to become available, tf error: Invalid frame ID "map" passed to canTransform argument target_frame - frame does not exist

Localization stdout: [amcl-2] [WARN] [1749509167.244336136] [amcl]: AMCL cannot publish a pose or update the transform. Please set the initial pose...

Navigation stdout: [planner_server-3] [INFO] [1749509167.559539738] [global_costmap.global_costmap]: Timed out waiting for transform from base_link to map to become available, tf error: Invalid frame ID "map" passed to canTransform argument target_frame - frame does not exist

Navigation stdout: [planner_server-3] [INFO] [1749509168.059542477] [global_costmap.global_costmap]: Timed out waiting for transform from base_link to map to become available, tf error: Invalid frame ID "map" passed to canTransform argument target_frame - frame does not exist

Navigation stdout: [planner_server-3] [INFO] [1749509168.559540482] [global_costmap.global_costmap]: Timed out waiting for transform from base_link to map to become available, tf error: Invalid frame ID "map" passed to canTransform argument target_frame - frame does not exist

Navigation stdout: [planner_server-3] [INFO] [1749509169.059537984] [global_costmap.global_costmap]: Timed out waiting for transform from base_link to map to become available, tf error: Invalid frame ID "map" passed to canTransform argument target_frame - frame does not exist

Navigation stdout: [planner_server-3] [INFO] [1749509169.559570748] [global_costmap.global_costmap]: Timed out waiting for transform from base_link to map to become available, tf error: Invalid frame ID "map" passed to canTransform argument target_frame - frame does not exist

Navigation stdout: [planner_server-3] [INFO] [1749509170.059539580] [global_costmap.global_costmap]: Timed out waiting for transform from base_link to map to become available, tf error: Invalid frame ID "map" passed to canTransform argument target_frame - frame does not exist

Localization stdout: [amcl-2] [WARN] [1749509170.337975493] [amcl]: AMCL cannot publish a pose or update the transform. Please set the initial pose...

Navigation stdout: [planner_server-3] [INFO] [1749509170.559538620] [global_costmap.global_costmap]: Timed out waiting for transform from base_link to map to become available, tf error: Invalid frame ID "map" passed to canTransform argument target_frame - frame does not exist

Navigation stdout: [planner_server-3] [INFO] [1749509171.059541116] [global_costmap.global_costmap]: Timed out waiting for transform from base_link to map to become available, tf error: Invalid frame ID "map" passed to canTransform argument target_frame - frame does not exist

Navigation stdout: [planner_server-3] [INFO] [1749509171.559541887] [global_costmap.global_costmap]: Timed out waiting for transform from base_link to map to become available, tf error: Invalid frame ID "map" passed to canTransform argument target_frame - frame does not exist

Localization stdout: [amcl-2] [INFO] [1749509171.663020082] [amcl]: initialPoseReceived

Localization stdout: [amcl-2] [WARN] [1749509171.663134805] [amcl]: Failed to transform initial pose in time (Lookup would require extrapolation into the future.  Requested time 1749509170.000000 but the latest data is at time 1309.207000, when looking up transform from frame [odom] to frame [base_footprint])

Localization stdout: [amcl-2] [INFO] [1749509171.663153829] [amcl]: Setting pose (1309.140000): 1.000 2.000 0.000

Navigation stdout: [planner_server-3] [INFO] [1749509172.059562112] [global_costmap.global_costmap]: Timed out waiting for transform from base_link to map to become available, tf error: Lookup would require extrapolation into the past.  Requested time 1309.467000 but the earliest data is at time 1310.227000, when looking up transform from frame [base_link] to frame [map]

Navigation stdout: [planner_server-3] [INFO] [1749509172.559544348] [global_costmap.global_costmap]: Timed out waiting for transform from base_link to map to become available, tf error: Lookup would require extrapolation into the past.  Requested time 1309.807000 but the earliest data is at time 1310.227000, when looking up transform from frame [base_link] to frame [map]

Navigation stdout: [planner_server-3] [INFO] [1749509173.059539263] [global_costmap.global_costmap]: Timed out waiting for transform from base_link to map to become available, tf error: Lookup would require extrapolation into the past.  Requested time 1310.167000 but the earliest data is at time 1310.227000, when looking up transform from frame [base_link] to frame [map]

Navigation stdout: [planner_server-3] [INFO] [1749509173.559606500] [global_costmap.global_costmap]: start

Navigation stdout: [planner_server-3] [INFO] [1749509174.710116948] [planner_server]: Activating plugin GridBased of type NavfnPlanner

Navigation stdout: [planner_server-3] [INFO] [1749509174.710488872] [planner_server]: Creating bond (planner_server) to lifecycle manager.

Navigation stdout: [lifecycle_manager-8] [INFO] [1749509174.812661943] [lifecycle_manager_navigation]: Server planner_server connected with bond.

Navigation stdout: [lifecycle_manager-8] [INFO] [1749509174.812703829] [lifecycle_manager_navigation]: [34m[1mActivating behavior_server[0m[0m

Navigation stdout: [behavior_server-4] [INFO] [1749509174.812885489] [behavior_server]: Activating

Navigation stdout: [behavior_server-4] [INFO] [1749509174.812913047] [behavior_server]: Activating spin

Navigation stdout: [behavior_server-4] [INFO] [1749509174.812925789] [behavior_server]: Activating backup

Navigation stdout: [behavior_server-4] [INFO] [1749509174.812936407] [behavior_server]: Activating drive_on_heading

Navigation stdout: [behavior_server-4] [INFO] [1749509174.812946419] [behavior_server]: Activating assisted_teleop

Navigation stdout: [behavior_server-4] [INFO] [1749509174.812956025] [behavior_server]: Activating wait

Navigation stdout: [behavior_server-4] [INFO] [1749509174.812967872] [behavior_server]: Creating bond (behavior_server) to lifecycle manager.

Navigation stdout: [lifecycle_manager-8] [INFO] [1749509174.914444543] [lifecycle_manager_navigation]: Server behavior_server connected with bond.

Navigation stdout: [lifecycle_manager-8] [INFO] [1749509174.914479874] [lifecycle_manager_navigation]: [34m[1mActivating bt_navigator[0m[0m

Navigation stdout: [bt_navigator-5] [INFO] [1749509174.914631240] [bt_navigator]: Activating

Navigation stdout: [bt_navigator-5] [INFO] [1749509174.927869817] [bt_navigator]: Creating bond (bt_navigator) to lifecycle manager.

Navigation stdout: [lifecycle_manager-8] [INFO] [1749509175.029423076] [lifecycle_manager_navigation]: Server bt_navigator connected with bond.

Navigation stdout: [lifecycle_manager-8] [INFO] [1749509175.029463666] [lifecycle_manager_navigation]: [34m[1mActivating waypoint_follower[0m[0m

Navigation stdout: [waypoint_follower-6] [INFO] [1749509175.029619542] [waypoint_follower]: Activating
[waypoint_follower-6] [INFO] [1749509175.029658299] [waypoint_follower]: Creating bond (waypoint_follower) to lifecycle manager.

Navigation stdout: [lifecycle_manager-8] [INFO] [1749509175.131212876] [lifecycle_manager_navigation]: Server waypoint_follower connected with bond.

Navigation stdout: [lifecycle_manager-8] [INFO] [1749509175.131252161] [lifecycle_manager_navigation]: [34m[1mActivating velocity_smoother[0m[0m

Navigation stdout: [velocity_smoother-7] [INFO] [1749509175.131432772] [velocity_smoother]: Activating

Navigation stdout: [velocity_smoother-7] [INFO] [1749509175.131493184] [velocity_smoother]: Creating bond (velocity_smoother) to lifecycle manager.

Navigation stdout: [lifecycle_manager-8] [INFO] [1749509175.233181725] [lifecycle_manager_navigation]: Server velocity_smoother connected with bond.

Navigation stdout: [lifecycle_manager-8] [INFO] [1749509175.233226001] [lifecycle_manager_navigation]: [34m[1mManaged nodes are active[0m[0m
[lifecycle_manager-8] [INFO] [1749509175.233238280] [lifecycle_manager_navigation]: [34m[1mCreating bond timer...[0m[0m

Sent SIGINT to navigation process with PID 142979 at 2025-06-09T22:46:36.906Z
Navigation stdout: [WARNING] [launch]: user interrupted with ctrl-c (SIGINT)

Navigation stdout: [INFO] [lifecycle_manager-8]: sending signal 'SIGINT' to process[lifecycle_manager-8]

Navigation stdout: [INFO] [velocity_smoother-7]: sending signal 'SIGINT' to process[velocity_smoother-7]

Navigation stdout: [INFO] [waypoint_follower-6]: sending signal 'SIGINT' to process[waypoint_follower-6]

Navigation stdout: [INFO] [bt_navigator-5]: sending signal 'SIGINT' to process[bt_navigator-5]

Navigation stdout: [INFO] [behavior_server-4]: sending signal 'SIGINT' to process[behavior_server-4]

Navigation stdout: [INFO] [planner_server-3]: sending signal 'SIGINT' to process[planner_server-3]

Navigation stdout: [INFO] [smoother_server-2]: sending signal 'SIGINT' to process[smoother_server-2]

Navigation stdout: [INFO] [controller_server-1]: sending signal 'SIGINT' to process[controller_server-1]

Navigation stdout: [lifecycle_manager-8] [INFO] [1749509196.909811040] [rclcpp]: signal_handler(signum=2)

Navigation stdout: [lifecycle_manager-8] [INFO] [1749509196.909887868] [lifecycle_manager_navigation]: Running Nav2 LifecycleManager rcl preshutdown (lifecycle_manager_navigation)
[lifecycle_manager-8] [INFO] [1749509196.909959015] [lifecycle_manager_navigation]: [34m[1mTerminating bond timer...[0m[0m

Navigation stdout: [velocity_smoother-7] [INFO] [1749509196.910517176] [rclcpp]: signal_handler(signum=2)

Navigation stdout: [velocity_smoother-7] [INFO] [1749509196.910576151] [velocity_smoother]: Running Nav2 LifecycleNode rcl preshutdown (velocity_smoother)
[velocity_smoother-7] [INFO] [1749509196.910644777] [velocity_smoother]: Deactivating
[velocity_smoother-7] [INFO] [1749509196.910678739] [velocity_smoother]: Destroying bond (velocity_smoother) to lifecycle manager.

Navigation stdout: [waypoint_follower-6] [INFO] [1749509196.911123121] [rclcpp]: signal_handler(signum=2)

Navigation stdout: [waypoint_follower-6] [INFO] [1749509196.911185293] [waypoint_follower]: Running Nav2 LifecycleNode rcl preshutdown (waypoint_follower)
[waypoint_follower-6] [INFO] [1749509196.911244835] [waypoint_follower]: Deactivating

Navigation stdout: [waypoint_follower-6] [INFO] [1749509196.911263094] [waypoint_follower]: Destroying bond (waypoint_follower) to lifecycle manager.

Navigation stdout: [bt_navigator-5] [INFO] [1749509196.911762291] [rclcpp]: signal_handler(signum=2)

Navigation stdout: [bt_navigator-5] [INFO] [1749509196.911844844] [bt_navigator]: Running Nav2 LifecycleNode rcl preshutdown (bt_navigator)

Navigation stdout: [bt_navigator-5] [INFO] [1749509196.911935076] [bt_navigator]: Deactivating

Navigation stdout: [bt_navigator-5] [INFO] [1749509196.911973411] [bt_navigator]: Destroying bond (bt_navigator) to lifecycle manager.

Navigation stdout: [behavior_server-4] [INFO] [1749509196.912357968] [rclcpp]: signal_handler(signum=2)

Navigation stdout: [behavior_server-4] [INFO] [1749509196.912427823] [behavior_server]: Running Nav2 LifecycleNode rcl preshutdown (behavior_server)
[behavior_server-4] [INFO] [1749509196.912477162] [behavior_server]: Deactivating
[behavior_server-4] [INFO] [1749509196.912500496] [behavior_server]: Destroying bond (behavior_server) to lifecycle manager.

Navigation stdout: [planner_server-3] [INFO] [1749509196.912921211] [rclcpp]: signal_handler(signum=2)
[planner_server-3] [INFO] [1749509196.912987222] [planner_server]: Running Nav2 LifecycleNode rcl preshutdown (planner_server)

Navigation stdout: [planner_server-3] [INFO] [1749509196.913066835] [planner_server]: Deactivating

Navigation stdout: [planner_server-3] [INFO] [1749509196.913116395] [global_costmap.global_costmap]: Deactivating

Navigation stdout: [smoother_server-2] [INFO] [1749509196.913390946] [rclcpp]: signal_handler(signum=2)

Navigation stdout: [smoother_server-2] [INFO] [1749509196.913479611] [smoother_server]: Running Nav2 LifecycleNode rcl preshutdown (smoother_server)

Navigation stdout: [smoother_server-2] [INFO] [1749509196.913566627] [smoother_server]: Deactivating

Navigation stdout: [smoother_server-2] [INFO] [1749509196.913600769] [smoother_server]: Destroying bond (smoother_server) to lifecycle manager.

Navigation stdout: [controller_server-1] [INFO] [1749509196.913905757] [rclcpp]: signal_handler(signum=2)

Navigation stdout: [controller_server-1] [INFO] [1749509196.913969880] [controller_server]: Running Nav2 LifecycleNode rcl preshutdown (controller_server)

Navigation stdout: [controller_server-1] [INFO] [1749509196.914022959] [controller_server]: Deactivating

Navigation stdout: [controller_server-1] [INFO] [1749509196.914047890] [local_costmap.local_costmap]: Deactivating

Navigation stdout: [velocity_smoother-7] [INFO] [1749509196.920905288] [velocity_smoother]: Cleaning up

Navigation stdout: [velocity_smoother-7] [INFO] [1749509196.920948877] [velocity_smoother]: Destroying bond (velocity_smoother) to lifecycle manager.

Navigation stdout: [waypoint_follower-6] [INFO] [1749509196.921428318] [waypoint_follower]: Cleaning up

Navigation stdout: [bt_navigator-5] [INFO] [1749509196.922221358] [bt_navigator]: Cleaning up

Navigation stdout: [behavior_server-4] [INFO] [1749509196.922677097] [behavior_server]: Cleaning up

Navigation stdout: [smoother_server-2] [INFO] [1749509196.923897800] [smoother_server]: Cleaning up

Navigation stdout: [behavior_server-4] [INFO] [1749509196.929056796] [behavior_server]: Destroying bond (behavior_server) to lifecycle manager.

Navigation stdout: [waypoint_follower-6] [INFO] [1749509196.929461204] [waypoint_follower]: Destroying bond (waypoint_follower) to lifecycle manager.

Navigation stdout: [smoother_server-2] [INFO] [1749509196.941071608] [smoother_server]: Destroying bond (smoother_server) to lifecycle manager.

Navigation stdout: [controller_server-1] [INFO] [1749509197.005639733] [controller_server]: Destroying bond (controller_server) to lifecycle manager.

Navigation stdout: [controller_server-1] [INFO] [1749509197.045893161] [controller_server]: Cleaning up

Navigation stdout: [controller_server-1] [INFO] [1749509197.045990103] [local_costmap.local_costmap]: Cleaning up

Navigation stdout: [bt_navigator-5] [INFO] [1749509197.047502541] [bt_navigator]: Completed Cleaning up

Navigation stdout: [bt_navigator-5] [INFO] [1749509197.047551919] [bt_navigator]: Destroying bond (bt_navigator) to lifecycle manager.

Navigation stdout: [controller_server-1] [INFO] [1749509197.075268648] [controller_server]: Destroying bond (controller_server) to lifecycle manager.

Navigation stdout: [velocity_smoother-7] [INFO] [1749509197.110894248] [velocity_smoother]: Destroying

Navigation stdout: [waypoint_follower-6] [INFO] [1749509197.111537464] [waypoint_follower]: Destroying

Navigation stdout: [smoother_server-2] [INFO] [1749509197.113857435] [smoother_server]: Destroying

Navigation stdout: [behavior_server-4] [INFO] [1749509197.113870180] [behavior_server]: Destroying

Navigation stdout: [bt_navigator-5] [INFO] [1749509197.213286986] [bt_navigator]: Destroying

Navigation stdout: [lifecycle_manager-8] [INFO] [1749509197.242556300] [lifecycle_manager_navigation]: Destroying lifecycle_manager_navigation

Navigation stdout: [controller_server-1] [INFO] [1749509197.246436971] [local_costmap.local_costmap]: Destroying

Navigation stdout: [controller_server-1] [INFO] [1749509197.271001057] [controller_server]: Destroying

Navigation stdout: [INFO] [waypoint_follower-6]: process has finished cleanly [pid 143007]

Navigation stdout: [INFO] [behavior_server-4]: process has finished cleanly [pid 143003]

Navigation stdout: [INFO] [velocity_smoother-7]: process has finished cleanly [pid 143009]

Navigation stdout: [INFO] [smoother_server-2]: process has finished cleanly [pid 142999]

Navigation stdout: [INFO] [lifecycle_manager-8]: process has finished cleanly [pid 143011]

Navigation stdout: [INFO] [bt_navigator-5]: process has finished cleanly [pid 143005]

Navigation stdout: [INFO] [controller_server-1]: process has finished cleanly [pid 142997]

Navigation stdout: [planner_server-3] [INFO] [1749509197.559779643] [planner_server]: Deactivating plugin GridBased of type NavfnPlanner

Navigation stdout: [planner_server-3] [INFO] [1749509197.559875578] [planner_server]: Destroying bond (planner_server) to lifecycle manager.

Navigation stdout: [planner_server-3] [INFO] [1749509197.570054030] [planner_server]: Cleaning up

Navigation stdout: [planner_server-3] [INFO] [1749509197.582944048] [global_costmap.global_costmap]: Cleaning up

Navigation stdout: [planner_server-3] [INFO] [1749509197.586574164] [planner_server]: Cleaning up plugin GridBased of type NavfnPlanner

Navigation stdout: [planner_server-3] [INFO] [1749509197.586700219] [planner_server]: Destroying plugin GridBased of type NavfnPlanner

Navigation stdout: [planner_server-3] [INFO] [1749509197.598396789] [planner_server]: Destroying bond (planner_server) to lifecycle manager.

Navigation stdout: [planner_server-3] [INFO] [1749509197.760702602] [global_costmap.global_costmap]: Destroying

Navigation stdout: [planner_server-3] [INFO] [1749509197.779401761] [planner_server]: Destroying

Navigation stdout: [INFO] [planner_server-3]: process has finished cleanly [pid 143001]

Navigation process exited with code 0 at 2025-06-09T22:46:38.002Z
Sent SIGINT to robot launch process with PID 141780 at 2025-06-09T22:46:41.511Z
Robot launch stdout: [WARNING] [launch]: user interrupted with ctrl-c (SIGINT)

Robot launch stdout: [INFO] [robot_state_publisher-3]: sending signal 'SIGINT' to process[robot_state_publisher-3]

Robot launch stdout: [INFO] [gzclient-2]: sending signal 'SIGINT' to process[gzclient-2]

Robot launch stdout: [INFO] [gzserver-1]: sending signal 'SIGINT' to process[gzserver-1]

Robot launch stdout: [robot_state_publisher-3] [INFO] [1749509201.513323825] [rclcpp]: signal_handler(signum=2)

Robot launch stdout: [INFO] [robot_state_publisher-3]: process has finished cleanly [pid 141858]

Robot launch stdout: [INFO] [gzserver-1]: process has finished cleanly [pid 141854]

Robot launch stdout: [INFO] [gzclient-2]: process has finished cleanly [pid 141856]

Robot launch process exited with code 0 at 2025-06-09T22:46:42.109Z
